-------------------------------------------------------------------
         SDDP.jl (c) Oscar Dowson and contributors, 2017-25
-------------------------------------------------------------------
problem
  nodes           : 24
  state variables : 8
  scenarios       : 1.00000e+46
  existing cuts   : false
options
  solver          : serial mode
  risk measure    : SDDP.Expectation()
  sampling scheme : SDDP.InSampleMonteCarlo
subproblem structure
  VariableRef                             : [161, 161]
  AffExpr in MOI.EqualTo{Float64}         : [13, 17]
  VariableRef in MOI.GreaterThan{Float64} : [153, 153]
  VariableRef in MOI.LessThan{Float64}    : [144, 145]
numerical stability report
  matrix range     [1e-01, 4e+00]
  objective range  [5e-04, 6e+03]
  bounds range     [7e-01, 2e+05]
  rhs range        [3e+01, 6e+04]
-------------------------------------------------------------------
 iteration    simulation      bound        time (s)     solves  pid
-------------------------------------------------------------------
         1   2.351116e+07  1.960288e+06  5.369861e+00      2325   1
†        2   4.173378e+08  1.960333e+06  6.424254e+00      4650   1
         3   3.443241e+08  1.960337e+06  7.405333e+00      6975   1
         4   8.201901e+08  1.960372e+06  8.276180e+00      9300   1
         5   2.374835e+08  1.960373e+06  9.231130e+00     11625   1
†        6   5.528923e+08  1.960403e+06  1.007754e+01     13950   1
         7   2.176224e+08  1.960375e+06  1.142559e+01     16275   1
         8   2.763991e+08  1.960404e+06  1.237273e+01     18600   1
         9   1.643190e+08  1.960417e+06  1.313891e+01     20925   1
†       10   5.345148e+08  1.960418e+06  1.400961e+01     23250   1
        11   2.131699e+08  1.960420e+06  1.489858e+01     25575   1
        12   1.639759e+08  1.960422e+06  1.564703e+01     27900   1
        13   1.573158e+08  1.960429e+06  1.657603e+01     30225   1
        14   1.064896e+08  1.960432e+06  1.737666e+01     32550   1
        15   1.231933e+08  1.960443e+06  1.826144e+01     34875   1
        16   9.432988e+07  1.960459e+06  1.899572e+01     37200   1
        17   6.699843e+07  1.960488e+06  1.975274e+01     39525   1
        18   3.001012e+08  1.960490e+06  2.054511e+01     41850   1
        19   3.510463e+08  1.960493e+06  2.177397e+01     44175   1
        20   7.845049e+07  1.960497e+06  2.260192e+01     46500   1
        21   2.802252e+08  1.960504e+06  2.343947e+01     48825   1
        22   5.165559e+07  1.960519e+06  2.437338e+01     51150   1
        23   5.874997e+07  1.960528e+06  2.528029e+01     53475   1
        24   9.831986e+07  1.960568e+06  2.612529e+01     55800   1
        25   5.493922e+07  1.960569e+06  2.690040e+01     58125   1
        26   3.340303e+07  1.960570e+06  2.769388e+01     60450   1
        27   5.568256e+07  1.960575e+06  2.854141e+01     62775   1
        28   6.021883e+07  1.960606e+06  2.954516e+01     65100   1
        29   3.231389e+07  1.960615e+06  3.042840e+01     67425   1
        30   4.774051e+07  1.960616e+06  3.124390e+01     69750   1
        31   8.355606e+07  1.960620e+06  3.233482e+01     72075   1
        32   1.380654e+07  1.960620e+06  3.313070e+01     74400   1
        33   5.218742e+07  1.960621e+06  3.404611e+01     76725   1
        34   1.612100e+07  1.960654e+06  3.482504e+01     79050   1
        35   4.101731e+07  1.960650e+06  3.574697e+01     81375   1
        36   8.023843e+07  1.960672e+06  3.654112e+01     83700   1
        37   5.181995e+07  1.960684e+06  3.745972e+01     86025   1
        38   9.667407e+07  1.960688e+06  3.826923e+01     88350   1
        39   1.231744e+07  1.960694e+06  3.893241e+01     90675   1
        40   4.085430e+07  1.960711e+06  3.984534e+01     93000   1
        41   5.160606e+07  1.960716e+06  4.082099e+01     95325   1
        42   3.462420e+07  1.960748e+06  4.164621e+01     97650   1
        43   1.917335e+07  1.960771e+06  4.254127e+01     99975   1
        44   1.678915e+07  1.960773e+06  4.351481e+01    102300   1
        45   3.828755e+07  1.960774e+06  4.435475e+01    104625   1
        46   2.111503e+07  1.960803e+06  4.527010e+01    106950   1
        47   3.141658e+07  1.960820e+06  4.619754e+01    109275   1
        48   1.762742e+07  1.960837e+06  4.699915e+01    111600   1
        49   1.774004e+07  1.960846e+06  4.807848e+01    113925   1
        50   8.078566e+07  1.960873e+06  4.955604e+01    116250   1
        51   2.357024e+07  1.960877e+06  5.047970e+01    118575   1
        52   1.815304e+07  2.451546e+05  5.137091e+01    120900   1
        53   1.034794e+08  1.960942e+06  5.219339e+01    123225   1
        54   2.520805e+07  1.960952e+06  5.301730e+01    125550   1
        55   1.651771e+07  1.960987e+06  5.404963e+01    127875   1
        56   1.169978e+07  2.451872e+05  5.489988e+01    130200   1
        57   1.612203e+07  2.456069e+05  5.580291e+01    132525   1
        58   6.730582e+06  2.456461e+05  5.654733e+01    134850   1
        59   7.520605e+07  1.961932e+06  5.761886e+01    137175   1
        60   6.118076e+07  1.961935e+06  5.869083e+01    139500   1
        61   3.143003e+07  1.961939e+06  5.977688e+01    141825   1
        62   2.502911e+07  1.961939e+06  6.064394e+01    144150   1
        63   2.387827e+07  1.961940e+06  6.160312e+01    146475   1
        64   4.186267e+07  1.961941e+06  6.250790e+01    148800   1
        65   2.648389e+07  1.961942e+06  6.349122e+01    151125   1
        66   3.215810e+07  1.961945e+06  6.438237e+01    153450   1
        67   2.302598e+07  1.961947e+06  6.529314e+01    155775   1
        68   2.480206e+07  1.961950e+06  6.627054e+01    158100   1
        69   1.014776e+07  1.961955e+06  6.713195e+01    160425   1
        70   1.550956e+07  1.961957e+06  6.810577e+01    162750   1
        71   9.278342e+06  1.961964e+06  6.896205e+01    165075   1
        72   2.249281e+07  1.961969e+06  6.992430e+01    167400   1
        73   2.445837e+07  1.961972e+06  7.100101e+01    169725   1
        74   2.198272e+07  1.961999e+06  7.205416e+01    172050   1
        75   2.267802e+07  1.962001e+06  7.312916e+01    174375   1
        76   1.857913e+07  1.962007e+06  7.404450e+01    176700   1
        77   1.864376e+07  1.962008e+06  7.489855e+01    179025   1
        78   7.998531e+06  1.962014e+06  7.593322e+01    181350   1
        79   7.006315e+06  1.962012e+06  7.680511e+01    183675   1
        80   1.375683e+07  1.962016e+06  7.776511e+01    186000   1
        81   1.355482e+07  1.962026e+06  7.857744e+01    188325   1
        82   2.333986e+07  2.456902e+05  7.956926e+01    190650   1
        83   1.214305e+07  2.475021e+05  8.041082e+01    192975   1
        84   9.643085e+06  2.549445e+05  8.120807e+01    195300   1
        85   2.697095e+07  1.967335e+06  8.207859e+01    197625   1
        86   5.783758e+07  1.967337e+06  8.314804e+01    199950   1
        87   3.701370e+07  1.967342e+06  8.412097e+01    202275   1
        88   2.211918e+07  1.967339e+06  8.492803e+01    204600   1
        89   1.610155e+07  1.967345e+06  8.592462e+01    206925   1
        90   1.199816e+07  1.967351e+06  8.679781e+01    209250   1
        91   1.470578e+07  1.967359e+06  8.775694e+01    211575   1
        92   1.588611e+07  1.967361e+06  8.860770e+01    213900   1
        93   1.843698e+07  1.967364e+06  8.961044e+01    216225   1
        94   1.264898e+07  1.967415e+06  9.051557e+01    218550   1
        95   6.704796e+06  1.967420e+06  9.134849e+01    220875   1
        96   1.174743e+07  1.967427e+06  9.222820e+01    223200   1
        97   6.706844e+06  1.963899e+06  9.299503e+01    225525   1
        98   1.736950e+08  1.963925e+06  9.416068e+01    227850   1
        99   3.197842e+08  1.963945e+06  9.499098e+01    230175   1
       100   4.637823e+08  1.963949e+06  9.608040e+01    232500   1
-------------------------------------------------------------------
status         : iteration_limit
total time (s) : 9.608040e+01
total solves   : 232500
best bound     :  1.963949e+06
simulation ci  :  8.888561e+07 ± 2.697225e+07
numeric issues : 3
-------------------------------------------------------------------

-------------------------------------------------------------------
         SDDP.jl (c) Oscar Dowson and contributors, 2017-25
-------------------------------------------------------------------
problem
  nodes           : 24
  state variables : 8
  scenarios       : 1.00000e+46
  existing cuts   : false
options
  solver          : serial mode
  risk measure    : SDDP.Expectation()
  sampling scheme : SDDP.InSampleMonteCarlo
subproblem structure
  VariableRef                             : [161, 161]
  AffExpr in MOI.EqualTo{Float64}         : [13, 17]
  VariableRef in MOI.GreaterThan{Float64} : [153, 153]
  VariableRef in MOI.LessThan{Float64}    : [144, 145]
numerical stability report
  matrix range     [6e-02, 4e+00]
  objective range  [1e-03, 6e+03]
  bounds range     [7e-01, 2e+05]
  rhs range        [1e+01, 6e+04]
-------------------------------------------------------------------
 iteration    simulation      bound        time (s)     solves  pid
-------------------------------------------------------------------
         1   3.618298e+07  1.960314e+06  5.084690e+00      2325   1
         2   3.213631e+08  1.960370e+06  5.946969e+00      4650   1
         3   5.138048e+08  1.960376e+06  6.888538e+00      6975   1
         4   6.233845e+08  1.960382e+06  7.636697e+00      9300   1
         5   6.123295e+08  1.960392e+06  8.346882e+00     11625   1
         6   5.561002e+08  1.960403e+06  9.027652e+00     13950   1
         7   2.210326e+08  1.960415e+06  9.862727e+00     16275   1
         8   5.514634e+08  1.960421e+06  1.083390e+01     18600   1
         9   4.803777e+08  1.960426e+06  1.162638e+01     20925   1
        10   1.862966e+08  1.960443e+06  1.239314e+01     23250   1
        11   1.358107e+08  1.960451e+06  1.313633e+01     25575   1
        12   1.342192e+08  1.960481e+06  1.385276e+01     27900   1
        13   2.010918e+08  1.960482e+06  1.462920e+01     30225   1
        14   3.391583e+08  1.960482e+06  1.549020e+01     32550   1
        15   1.984580e+08  1.960483e+06  1.630775e+01     34875   1
        16   1.022896e+08  1.960483e+06  1.721949e+01     37200   1
        17   4.842460e+07  1.960486e+06  1.795842e+01     39525   1
        18   7.309649e+07  1.960486e+06  1.890681e+01     41850   1
        19   3.008167e+07  1.960487e+06  2.005517e+01     44175   1
        20   4.833261e+07  1.960488e+06  2.085642e+01     46500   1
        21   7.671698e+07  1.960498e+06  2.172885e+01     48825   1
        22   7.514732e+07  1.960503e+06  2.245975e+01     51150   1
        23   4.456347e+07  1.960510e+06  2.326045e+01     53475   1
        24   7.468992e+07  1.960510e+06  2.405412e+01     55800   1
        25   9.168226e+07  1.960543e+06  2.496262e+01     58125   1
        26   4.008186e+07  1.960559e+06  2.565609e+01     60450   1
        27   7.311210e+07  1.960560e+06  2.645948e+01     62775   1
        28   1.345605e+08  1.960563e+06  2.724787e+01     65100   1
        29   9.159299e+07  1.960579e+06  2.803238e+01     67425   1
        30   4.560526e+07  1.960605e+06  2.877714e+01     69750   1
        31   5.699852e+07  1.960614e+06  2.980428e+01     72075   1
        32   3.703293e+07  1.960651e+06  3.059340e+01     74400   1
        33   6.702256e+07  1.960653e+06  3.134763e+01     76725   1
        34   1.245372e+07  1.960668e+06  3.210348e+01     79050   1
        35   4.509152e+07  1.960671e+06  3.292331e+01     81375   1
        36   3.035111e+07  1.960675e+06  3.369080e+01     83700   1
        37   2.318194e+07  1.960690e+06  3.449472e+01     86025   1
        38   4.425167e+07  1.960713e+06  3.521415e+01     88350   1
        39   1.208132e+07  1.960720e+06  3.597907e+01     90675   1
        40   6.664459e+07  1.960731e+06  3.671159e+01     93000   1
        41   8.488015e+06  1.960732e+06  3.745370e+01     95325   1
        42   2.361561e+07  1.960754e+06  3.833664e+01     97650   1
        43   2.617790e+07  1.960780e+06  3.908514e+01     99975   1
        44   1.379678e+07  1.960805e+06  3.980201e+01    102300   1
        45   6.408696e+06  1.960849e+06  4.047325e+01    104625   1
        46   9.995742e+06  1.960856e+06  4.121449e+01    106950   1
        47   1.347121e+07  1.960821e+06  4.203515e+01    109275   1
        48   5.737577e+07  1.960825e+06  4.288779e+01    111600   1
        49   2.654743e+07  1.960836e+06  4.370702e+01    113925   1
        50   1.102684e+07  1.960849e+06  4.449967e+01    116250   1
        51   2.205277e+07  1.960787e+06  4.533894e+01    118575   1
        52   3.516147e+07  1.960798e+06  4.621022e+01    120900   1
        53   4.247745e+07  1.960847e+06  4.696417e+01    123225   1
        54   3.359468e+07  2.452448e+05  4.775301e+01    125550   1
        55   3.385497e+07  2.484597e+05  4.858417e+01    127875   1
        56   2.230309e+08  1.967180e+06  4.947191e+01    130200   1
        57   7.265440e+08  1.967222e+06  5.025286e+01    132525   1
        58   1.936595e+08  1.967232e+06  5.120242e+01    134850   1
        59   2.702695e+08  1.967270e+06  5.188869e+01    137175   1
        60   2.160712e+08  1.967272e+06  5.266660e+01    139500   1
        61   8.146098e+07  1.967289e+06  5.352787e+01    141825   1
        62   3.714174e+08  1.967291e+06  5.429381e+01    144150   1
        63   6.046649e+07  1.967293e+06  5.505208e+01    146475   1
        64   9.366192e+07  1.967295e+06  5.578424e+01    148800   1
        65   2.823061e+08  1.967310e+06  5.671714e+01    151125   1
        66   1.864260e+08  1.967318e+06  5.778786e+01    153450   1
        67   1.656831e+08  1.967324e+06  5.921326e+01    155775   1
        68   9.387103e+07  1.967334e+06  6.026969e+01    158100   1
        69   8.025572e+07  1.967347e+06  6.124523e+01    160425   1
        70   5.029546e+07  1.967353e+06  6.218096e+01    162750   1
        71   3.879022e+07  1.967394e+06  6.285631e+01    165075   1
        72   4.659272e+07  1.967425e+06  6.360779e+01    167400   1
        73   2.386731e+07  1.967427e+06  6.447418e+01    169725   1
        74   1.284615e+07  1.967440e+06  6.521362e+01    172050   1
        75   3.179831e+07  1.967453e+06  6.621206e+01    174375   1
        76   1.003428e+08  1.967495e+06  6.699118e+01    176700   1
        77   2.594295e+07  1.967508e+06  6.786333e+01    179025   1
        78   1.174920e+07  1.967510e+06  6.860272e+01    181350   1
        79   1.704992e+07  1.967534e+06  7.029506e+01    183675   1
        80   3.243666e+07  1.967540e+06  7.162503e+01    186000   1
        81   2.880923e+07  1.967551e+06  7.273981e+01    188325   1
        82   2.584159e+07  1.967565e+06  7.361322e+01    190650   1
        83   8.459834e+06  2.485532e+05  7.434378e+01    192975   1
        84   8.706008e+06  2.486979e+05  7.525458e+01    195300   1
        85   6.674856e+07  1.968112e+06  7.623054e+01    197625   1
        86   7.966770e+07  1.968125e+06  7.717027e+01    199950   1
        87   5.271689e+07  1.968127e+06  7.834762e+01    202275   1
        88   3.872530e+07  1.968138e+06  7.959477e+01    204600   1
        89   1.609976e+08  1.968149e+06  8.038544e+01    206925   1
        90   9.727562e+06  1.968156e+06  8.124406e+01    209250   1
        91   1.141765e+07  1.968176e+06  8.192782e+01    211575   1
        92   4.166946e+07  1.968187e+06  8.279325e+01    213900   1
        93   2.481008e+07  1.968202e+06  8.381003e+01    216225   1
        94   7.085211e+06  2.487865e+05  8.455182e+01    218550   1
        95   1.383798e+07  2.459031e+05  8.529912e+01    220875   1
        96   6.903761e+06  2.493782e+05  8.604860e+01    223200   1
        97   1.192078e+07  2.501648e+05  8.685971e+01    225525   1
        98   7.106920e+06  2.598493e+05  8.823285e+01    227850   1
        99   1.039588e+07  2.530412e+05  8.915032e+01    230175   1
       100   6.527172e+06  2.513045e+05  8.997891e+01    232500   1
-------------------------------------------------------------------
status         : iteration_limit
total time (s) : 8.997891e+01
total solves   : 232500
best bound     :  2.513045e+05
simulation ci  :  1.097912e+08 ± 2.997991e+07
numeric issues : 0
-------------------------------------------------------------------

-------------------------------------------------------------------
         SDDP.jl (c) Oscar Dowson and contributors, 2017-25
-------------------------------------------------------------------
problem
  nodes           : 24
  state variables : 8
  scenarios       : 1.00000e+46
  existing cuts   : false
options
  solver          : serial mode
  risk measure    : SDDP.Expectation()
  sampling scheme : SDDP.InSampleMonteCarlo
subproblem structure
  VariableRef                             : [161, 161]
  AffExpr in MOI.EqualTo{Float64}         : [13, 17]
  VariableRef in MOI.GreaterThan{Float64} : [153, 153]
  VariableRef in MOI.LessThan{Float64}    : [144, 145]
numerical stability report
  matrix range     [1e-01, 4e+00]
  objective range  [1e-03, 6e+03]
  bounds range     [7e-01, 2e+05]
  rhs range        [1e+01, 6e+04]
-------------------------------------------------------------------
 iteration    simulation      bound        time (s)     solves  pid
-------------------------------------------------------------------
         1   2.103978e+07  1.715206e+06  5.043732e+00      2325   1
         2   8.353785e+08  1.715246e+06  5.893901e+00      4650   1
         3   8.488935e+08  1.715251e+06  6.770662e+00      6975   1
         4   3.004135e+08  1.715262e+06  7.470600e+00      9300   1
         5   3.764574e+08  1.715294e+06  8.281427e+00     11625   1
         6   6.574209e+08  1.715300e+06  9.012977e+00     13950   1
         7   1.653055e+08  1.715325e+06  9.923132e+00     16275   1
         8   2.682003e+08  1.715326e+06  1.060168e+01     18600   1
         9   5.317985e+08  1.715333e+06  1.155617e+01     20925   1
        10   1.737244e+08  1.715334e+06  1.228610e+01     23250   1
        11   8.359854e+08  1.715358e+06  1.306761e+01     25575   1
        12   4.319045e+08  1.715360e+06  1.377660e+01     27900   1
        13   1.893697e+08  1.715361e+06  1.456833e+01     30225   1
        14   3.893021e+08  1.715365e+06  1.532606e+01     32550   1
        15   2.675247e+08  1.715368e+06  1.607337e+01     34875   1
        16   5.893073e+07  1.715360e+06  1.680700e+01     37200   1
        17   1.854018e+08  1.715396e+06  1.756117e+01     39525   1
        18   5.273159e+07  1.715406e+06  1.848706e+01     41850   1
        19   1.881131e+08  1.715411e+06  1.927060e+01     44175   1
        20   4.743744e+07  1.715428e+06  2.006639e+01     46500   1
        21   2.468252e+07  1.715453e+06  2.069906e+01     48825   1
        22   5.566738e+07  1.715469e+06  2.141441e+01     51150   1
        23   1.130195e+08  1.715485e+06  2.218027e+01     53475   1
        24   4.331705e+07  1.715496e+06  2.294645e+01     55800   1
        25   7.226726e+07  1.715519e+06  2.371343e+01     58125   1
        26   6.372722e+07  1.715523e+06  2.449556e+01     60450   1
        27   5.856885e+07  1.715532e+06  2.530163e+01     62775   1
        28   5.558087e+07  1.715566e+06  2.636274e+01     65100   1
        29   6.253284e+07  1.715568e+06  2.714695e+01     67425   1
        30   7.033632e+07  1.715573e+06  2.797648e+01     69750   1
        31   3.019884e+07  1.715578e+06  2.872280e+01     72075   1
        32   4.798044e+07  1.715581e+06  2.950081e+01     74400   1
        33   2.591886e+08  1.715553e+06  3.025202e+01     76725   1
        34   3.250691e+07  1.715593e+06  3.099001e+01     79050   1
        35   1.663887e+07  1.715611e+06  3.170634e+01     81375   1
        36   1.669266e+07  1.715620e+06  3.250418e+01     83700   1
        37   2.991355e+07  1.715636e+06  3.326370e+01     86025   1
        38   2.969744e+07  1.715640e+06  3.407379e+01     88350   1
        39   3.371879e+07  1.715666e+06  3.484819e+01     90675   1
        40   1.185224e+07  1.715668e+06  3.562274e+01     93000   1
        41   4.378300e+07  1.715674e+06  3.644275e+01     95325   1
        42   4.168870e+07  1.715674e+06  3.732935e+01     97650   1
        43   1.157545e+07  1.715687e+06  3.807568e+01     99975   1
        44   1.849631e+07  1.715688e+06  3.881502e+01    102300   1
        45   1.600330e+07  1.715717e+06  3.954829e+01    104625   1
        46   1.539690e+07  1.715727e+06  4.031518e+01    106950   1
        47   1.257890e+07  1.715739e+06  4.112746e+01    109275   1
        48   1.515344e+07  1.715743e+06  4.198980e+01    111600   1
        49   1.157252e+07  1.715828e+06  4.274727e+01    113925   1
        50   3.319795e+07  1.715833e+06  4.349703e+01    116250   1
        51   3.780243e+07  1.715840e+06  4.434673e+01    118575   1
        52   1.150803e+07  1.715842e+06  4.513104e+01    120900   1
        53   3.647109e+07  1.715846e+06  4.596497e+01    123225   1
        54   1.037860e+07  1.715867e+06  4.675230e+01    125550   1
        55   1.264782e+07  1.715872e+06  4.764412e+01    127875   1
        56   2.247264e+07  2.452129e+05  4.839483e+01    130200   1
        57   4.773215e+07  1.716012e+06  4.916119e+01    132525   1
        58   7.026996e+07  1.716012e+06  4.994145e+01    134850   1
        59   6.805768e+07  1.716019e+06  5.068537e+01    137175   1
        60   2.663274e+07  1.716025e+06  5.152537e+01    139500   1
        61   1.547018e+07  1.716026e+06  5.227322e+01    141825   1
        62   7.049794e+07  1.716028e+06  5.309077e+01    144150   1
        63   2.429250e+07  1.716032e+06  5.380109e+01    146475   1
        64   1.638488e+07  1.716036e+06  5.458135e+01    148800   1
        65   8.595991e+06  1.716041e+06  5.531274e+01    151125   1
        66   9.649845e+06  2.451683e+05  5.609391e+01    153450   1
        67   8.315239e+06  2.453383e+05  5.693136e+01    155775   1
        68   2.341158e+07  2.454893e+05  5.761390e+01    158100   1
        69   4.671048e+07  5.875053e+06  5.848741e+01    160425   1
        70   1.234800e+08  5.875072e+06  5.949036e+01    162750   1
        71   5.687281e+07  5.875088e+06  6.031587e+01    165075   1
        72   1.754359e+07  5.875100e+06  6.114268e+01    167400   1
        73   3.087261e+07  5.875102e+06  6.195239e+01    169725   1
        74   5.666922e+07  5.875128e+06  6.282834e+01    172050   1
        75   1.365443e+07  5.875132e+06  6.367203e+01    174375   1
        76   4.808543e+07  5.875141e+06  6.462928e+01    176700   1
        77   2.197128e+07  5.875150e+06  6.546796e+01    179025   1
        78   3.797510e+07  5.875157e+06  6.636287e+01    181350   1
        79   2.953331e+07  5.875183e+06  6.716116e+01    183675   1
†       80   1.107270e+07  5.875207e+06  6.824974e+01    186000   1
        81   1.432239e+07  5.875210e+06  6.905373e+01    188325   1
        82   9.660013e+06  5.875222e+06  6.989171e+01    190650   1
        83   1.556424e+07  5.875275e+06  7.081967e+01    192975   1
        84   9.441765e+06  5.875289e+06  7.164760e+01    195300   1
        85   8.386434e+06  5.875294e+06  7.249110e+01    197625   1
        86   4.085640e+07  5.875326e+06  7.335317e+01    199950   1
        87   7.539549e+06  5.875369e+06  7.413459e+01    202275   1
        88   3.155857e+07  5.875378e+06  7.500663e+01    204600   1
†       89   1.164508e+07  5.875384e+06  7.584595e+01    206925   1
        90   7.573848e+06  5.875409e+06  7.673098e+01    209250   1
        91   5.577936e+07  5.875413e+06  7.759822e+01    211575   1
        92   1.072660e+07  5.875428e+06  7.843950e+01    213900   1
        93   8.630138e+06  5.875428e+06  7.934210e+01    216225   1
        94   1.306273e+07  5.875465e+06  8.022337e+01    218550   1
        95   7.169692e+06  5.875644e+06  8.117260e+01    220875   1
        96   1.977994e+07  5.875644e+06  8.215118e+01    223200   1
        97   2.536939e+07  5.875648e+06  8.308029e+01    225525   1
        98   2.047481e+07  5.875654e+06  8.397673e+01    227850   1
        99   5.722435e+07  5.875655e+06  8.486708e+01    230175   1
       100   2.914065e+07  5.875670e+06  8.582853e+01    232500   1
-------------------------------------------------------------------
status         : iteration_limit
total time (s) : 8.582853e+01
total solves   : 232500
best bound     :  5.875670e+06
simulation ci  :  9.591806e+07 ± 3.405458e+07
numeric issues : 2
-------------------------------------------------------------------

-------------------------------------------------------------------
         SDDP.jl (c) Oscar Dowson and contributors, 2017-25
-------------------------------------------------------------------
problem
  nodes           : 24
  state variables : 8
  scenarios       : 1.00000e+46
  existing cuts   : false
options
  solver          : serial mode
  risk measure    : SDDP.Expectation()
  sampling scheme : SDDP.InSampleMonteCarlo
subproblem structure
  VariableRef                             : [161, 161]
  AffExpr in MOI.EqualTo{Float64}         : [13, 17]
  VariableRef in MOI.GreaterThan{Float64} : [153, 153]
  VariableRef in MOI.LessThan{Float64}    : [144, 145]
numerical stability report
  matrix range     [6e-02, 6e+00]
  objective range  [1e-03, 6e+03]
  bounds range     [7e-01, 2e+05]
  rhs range        [1e+01, 6e+04]
-------------------------------------------------------------------
 iteration    simulation      bound        time (s)     solves  pid
-------------------------------------------------------------------
         1   3.510958e+07  2.464653e+05  5.104348e+00      2325   1
         2   4.560589e+07  2.470931e+05  6.559078e+00      4650   1
         3   2.025685e+07  2.506213e+05  7.975443e+00      6975   1
         4   1.082326e+08  2.506213e+05  9.514608e+00      9300   1
         5   1.031482e+07  2.506213e+05  1.022004e+01     11625   1
         6   9.939963e+06  2.506214e+05  1.096584e+01     13950   1
         7   2.289879e+07  2.506214e+05  1.199069e+01     16275   1
         8   9.466186e+07  2.506217e+05  1.265163e+01     18600   1
         9   1.080200e+07  2.516318e+05  1.338678e+01     20925   1
        10   5.980018e+06  5.881478e+06  1.447896e+01     23250   1
        11   4.425587e+08  5.881529e+06  1.535274e+01     25575   1
        12   5.028207e+08  5.881579e+06  1.658626e+01     27900   1
        13   2.518913e+08  5.881613e+06  1.736599e+01     30225   1
        14   3.317436e+08  5.881615e+06  1.822901e+01     32550   1
        15   1.609165e+08  5.881640e+06  1.905096e+01     34875   1
        16   8.346267e+08  5.881641e+06  2.027867e+01     37200   1
        17   6.309017e+08  5.881642e+06  2.135667e+01     39525   1
        18   2.119490e+08  5.881644e+06  2.220713e+01     41850   1
        19   2.550115e+08  5.881646e+06  2.306003e+01     44175   1
        20   1.461718e+08  5.881665e+06  2.377581e+01     46500   1
        21   1.380187e+08  5.881679e+06  2.456100e+01     48825   1
        22   1.317875e+08  5.881680e+06  2.546256e+01     51150   1
        23   1.936111e+08  5.881686e+06  2.615379e+01     53475   1
        24   1.805061e+08  5.881688e+06  2.696493e+01     55800   1
        25   1.736982e+08  5.881695e+06  2.775190e+01     58125   1
        26   1.155275e+08  5.881698e+06  2.865121e+01     60450   1
        27   1.684256e+08  5.881720e+06  2.951862e+01     62775   1
        28   1.534289e+08  5.881729e+06  3.035305e+01     65100   1
        29   2.119510e+08  5.881731e+06  3.118011e+01     67425   1
        30   9.931527e+07  5.881740e+06  3.194145e+01     69750   1
        31   9.433772e+07  5.881750e+06  3.293182e+01     72075   1
        32   6.250735e+07  5.881753e+06  3.361949e+01     74400   1
        33   7.533808e+07  5.881759e+06  3.442761e+01     76725   1
        34   8.403551e+07  5.881765e+06  3.519732e+01     79050   1
        35   6.063602e+08  5.881774e+06  3.601790e+01     81375   1
        36   2.156901e+08  5.881780e+06  3.676858e+01     83700   1
†       37   3.863658e+07  5.881787e+06  3.757137e+01     86025   1
        38   1.033122e+08  5.881791e+06  3.840155e+01     88350   1
        39   6.975511e+07  5.881812e+06  3.921262e+01     90675   1
        40   1.105175e+08  5.881815e+06  4.002995e+01     93000   1
        41   8.019596e+07  5.881826e+06  4.075744e+01     95325   1
        42   5.943177e+07  5.881831e+06  4.150218e+01     97650   1
        43   5.598992e+07  5.881844e+06  4.234603e+01     99975   1
        44   5.566951e+07  5.881867e+06  4.307212e+01    102300   1
        45   3.270524e+07  5.881881e+06  4.385805e+01    104625   1
        46   6.988095e+07  5.881911e+06  4.468243e+01    106950   1
        47   5.178172e+07  5.881921e+06  4.591092e+01    109275   1
        48   3.877564e+07  5.881931e+06  4.672080e+01    111600   1
        49   4.049461e+07  5.881934e+06  4.757070e+01    113925   1
        50   4.383199e+07  5.881946e+06  4.840829e+01    116250   1
        51   3.901582e+07  5.881960e+06  4.924578e+01    118575   1
        52   2.405334e+07  5.881984e+06  5.000879e+01    120900   1
        53   3.354993e+07  5.882000e+06  5.084647e+01    123225   1
        54   5.577366e+07  5.882000e+06  5.178030e+01    125550   1
        55   2.908147e+07  5.882002e+06  5.249853e+01    127875   1
        56   1.466704e+07  5.881995e+06  5.327078e+01    130200   1
        57   5.038692e+07  5.882002e+06  5.410204e+01    132525   1
        58   2.863536e+07  5.882027e+06  5.493119e+01    134850   1
        59   2.103267e+07  5.882036e+06  5.569394e+01    137175   1
        60   1.613165e+07  5.882071e+06  5.651479e+01    139500   1
        61   3.025559e+07  5.882072e+06  5.734526e+01    141825   1
        62   3.759646e+07  5.882129e+06  5.817033e+01    144150   1
        63   2.437479e+07  5.882139e+06  5.896689e+01    146475   1
        64   1.462487e+07  5.882193e+06  5.977285e+01    148800   1
        65   2.311477e+08  5.882257e+06  6.059612e+01    151125   1
        66   2.242403e+07  5.882258e+06  6.138127e+01    153450   1
        67   4.957213e+07  5.882261e+06  6.218127e+01    155775   1
        68   7.901626e+07  5.882263e+06  6.312576e+01    158100   1
        69   3.471845e+07  5.882264e+06  6.397264e+01    160425   1
        70   4.576573e+07  5.882271e+06  6.481732e+01    162750   1
        71   2.002945e+07  5.882277e+06  6.565229e+01    165075   1
        72   1.881293e+07  5.882284e+06  6.648057e+01    167400   1
        73   3.042949e+07  5.882298e+06  6.728517e+01    169725   1
        74   1.364519e+07  5.882308e+06  6.809716e+01    172050   1
        75   1.234719e+07  5.882392e+06  6.893676e+01    174375   1
        76   6.764152e+06  5.882394e+06  6.983394e+01    176700   1
        77   3.701048e+07  5.882395e+06  7.066195e+01    179025   1
        78   3.819000e+07  5.882396e+06  7.146114e+01    181350   1
        79   1.232414e+07  5.882397e+06  7.230337e+01    183675   1
        80   2.075044e+07  5.882399e+06  7.312589e+01    186000   1
        81   1.428615e+07  5.882410e+06  7.414533e+01    188325   1
        82   1.274782e+07  5.882413e+06  7.494676e+01    190650   1
        83   1.035772e+07  5.882408e+06  7.582804e+01    192975   1
        84   4.955263e+07  5.882411e+06  7.671674e+01    195300   1
        85   1.069851e+07  5.882425e+06  7.758558e+01    197625   1
        86   1.452951e+07  5.882443e+06  7.839745e+01    199950   1
        87   1.539936e+07  5.882443e+06  7.932081e+01    202275   1
        88   9.690692e+06  5.882444e+06  8.012276e+01    204600   1
        89   3.996023e+07  5.882486e+06  8.107544e+01    206925   1
        90   2.171631e+07  5.882498e+06  8.189745e+01    209250   1
        91   2.767480e+07  5.882538e+06  8.280501e+01    211575   1
        92   1.341407e+07  5.882592e+06  8.361099e+01    213900   1
        93   3.606218e+07  5.882583e+06  8.454345e+01    216225   1
        94   2.155837e+07  5.882593e+06  8.542856e+01    218550   1
        95   1.242126e+07  5.882606e+06  8.634049e+01    220875   1
        96   6.545676e+06  5.882606e+06  8.729638e+01    223200   1
        97   1.796072e+07  5.882619e+06  8.825923e+01    225525   1
        98   7.595726e+06  5.882689e+06  8.909658e+01    227850   1
        99   6.226956e+06  5.882831e+06  8.995808e+01    230175   1
       100   1.325778e+07  5.882839e+06  9.080730e+01    232500   1
-------------------------------------------------------------------
status         : iteration_limit
total time (s) : 9.080730e+01
total solves   : 232500
best bound     :  5.882839e+06
simulation ci  :  9.141695e+07 ± 2.725524e+07
numeric issues : 1
-------------------------------------------------------------------

-------------------------------------------------------------------
         SDDP.jl (c) Oscar Dowson and contributors, 2017-25
-------------------------------------------------------------------
problem
  nodes           : 24
  state variables : 8
  scenarios       : 1.00000e+46
  existing cuts   : false
options
  solver          : serial mode
  risk measure    : SDDP.Expectation()
  sampling scheme : SDDP.InSampleMonteCarlo
subproblem structure
  VariableRef                             : [161, 161]
  AffExpr in MOI.EqualTo{Float64}         : [13, 17]
  VariableRef in MOI.GreaterThan{Float64} : [153, 153]
  VariableRef in MOI.LessThan{Float64}    : [144, 145]
numerical stability report
  matrix range     [6e-02, 4e+00]
  objective range  [1e-03, 6e+03]
  bounds range     [7e-01, 2e+05]
  rhs range        [1e+01, 6e+04]
-------------------------------------------------------------------
 iteration    simulation      bound        time (s)     solves  pid
-------------------------------------------------------------------
         1   2.040288e+07  1.960274e+06  4.819610e+00      2325   1
         2   7.298778e+08  1.960325e+06  5.593854e+00      4650   1
         3   5.853047e+08  1.960353e+06  6.427239e+00      6975   1
         4   1.044982e+09  1.960356e+06  7.063141e+00      9300   1
         5   4.829052e+08  1.960363e+06  8.046545e+00     11625   1
         6   5.471874e+08  1.960361e+06  8.750362e+00     13950   1
         7   3.048481e+08  1.960399e+06  9.497344e+00     16275   1
         8   2.165216e+08  1.960404e+06  1.018747e+01     18600   1
         9   3.512281e+08  1.960431e+06  1.095737e+01     20925   1
        10   1.771781e+08  1.960432e+06  1.175861e+01     23250   1
        11   4.200542e+08  1.960432e+06  1.251195e+01     25575   1
        12   1.167068e+08  1.960445e+06  1.335597e+01     27900   1
        13   1.019365e+08  1.960458e+06  1.402361e+01     30225   1
        14   1.556354e+08  1.960461e+06  1.470782e+01     32550   1
        15   1.646786e+08  1.960490e+06  1.543874e+01     34875   1
        16   1.162372e+08  1.960491e+06  1.613862e+01     37200   1
        17   9.902711e+07  1.960493e+06  1.714818e+01     39525   1
        18   9.714074e+07  1.960497e+06  1.786383e+01     41850   1
        19   1.030026e+08  1.960501e+06  1.861176e+01     44175   1
        20   2.284983e+08  1.960542e+06  1.927110e+01     46500   1
        21   3.536288e+08  1.960545e+06  2.008257e+01     48825   1
        22   7.741436e+07  1.960549e+06  2.089312e+01     51150   1
        23   7.078184e+07  1.960556e+06  2.160550e+01     53475   1
        24   1.074943e+08  1.960571e+06  2.232991e+01     55800   1
        25   5.940988e+07  1.960582e+06  2.309055e+01     58125   1
        26   8.938236e+07  1.960590e+06  2.389989e+01     60450   1
        27   5.728915e+07  1.960643e+06  2.476342e+01     62775   1
        28   4.808513e+07  1.960644e+06  2.572471e+01     65100   1
        29   5.717842e+07  1.960648e+06  2.639230e+01     67425   1
        30   2.273424e+07  1.960648e+06  2.712770e+01     69750   1
        31   4.682942e+08  1.960650e+06  2.788786e+01     72075   1
        32   4.077859e+07  1.960637e+06  2.864554e+01     74400   1
        33   6.181600e+07  1.960667e+06  2.945111e+01     76725   1
        34   3.108343e+07  1.960695e+06  3.015960e+01     79050   1
        35   4.858134e+07  1.960701e+06  3.097825e+01     81375   1
        36   4.289861e+07  1.960711e+06  3.164081e+01     83700   1
        37   2.106978e+07  1.960736e+06  3.239308e+01     86025   1
        38   1.152352e+07  1.960740e+06  3.323718e+01     88350   1
        39   2.693591e+07  1.960744e+06  3.397137e+01     90675   1
        40   3.389261e+07  1.960788e+06  3.474418e+01     93000   1
        41   2.466188e+07  1.960805e+06  3.551954e+01     95325   1
        42   7.797088e+07  1.960812e+06  3.632690e+01     97650   1
        43   3.627273e+07  1.960820e+06  3.713385e+01     99975   1
        44   4.776962e+07  1.960857e+06  3.785318e+01    102300   1
        45   2.013865e+07  1.960858e+06  3.864462e+01    104625   1
        46   6.770940e+07  1.960860e+06  3.940537e+01    106950   1
        47   1.672041e+07  1.960870e+06  4.026563e+01    109275   1
        48   3.749043e+07  2.451060e+05  4.105157e+01    111600   1
        49   1.380876e+07  2.452315e+05  4.183276e+01    113925   1
        50   1.345916e+07  1.961209e+06  4.257958e+01    116250   1
        51   3.200844e+07  1.961211e+06  4.342595e+01    118575   1
        52   3.934248e+07  1.961212e+06  4.426259e+01    120900   1
        53   5.068042e+07  1.961212e+06  4.505686e+01    123225   1
        54   3.307734e+07  1.961213e+06  4.600562e+01    125550   1
        55   2.946587e+07  1.961213e+06  4.675033e+01    127875   1
        56   5.828879e+07  1.961214e+06  4.758762e+01    130200   1
        57   9.748926e+06  1.961214e+06  4.837565e+01    132525   1
        58   1.953680e+08  1.961214e+06  4.911538e+01    134850   1
        59   2.772714e+07  1.961214e+06  4.989972e+01    137175   1
        60   1.782386e+07  1.961214e+06  5.068919e+01    139500   1
        61   1.938896e+07  1.961216e+06  5.159259e+01    141825   1
        62   1.377866e+07  1.961216e+06  5.278318e+01    144150   1
        63   1.361205e+07  1.961216e+06  5.358167e+01    146475   1
        64   3.846838e+07  1.961216e+06  5.441576e+01    148800   1
        65   9.989390e+06  1.961217e+06  5.528916e+01    151125   1
        66   1.261487e+07  1.961217e+06  5.606157e+01    153450   1
        67   2.337772e+07  1.961221e+06  5.704694e+01    155775   1
        68   3.338184e+07  1.961226e+06  5.785774e+01    158100   1
        69   2.384134e+07  1.961227e+06  5.862997e+01    160425   1
        70   3.833321e+07  1.961227e+06  5.945358e+01    162750   1
        71   9.005577e+06  1.961228e+06  6.023228e+01    165075   1
        72   1.098612e+08  1.961228e+06  6.112374e+01    167400   1
        73   7.367335e+06  1.961230e+06  6.192914e+01    169725   1
        74   2.237006e+07  1.961231e+06  6.268891e+01    172050   1
        75   8.555283e+06  1.961232e+06  6.349562e+01    174375   1
        76   6.917121e+06  1.961232e+06  6.428378e+01    176700   1
        77   1.140576e+07  1.961232e+06  6.512133e+01    179025   1
        78   7.698292e+06  1.961234e+06  6.589729e+01    181350   1
        79   1.794696e+07  2.456801e+05  6.671529e+01    183675   1
†       80   1.598051e+07  1.961930e+06  6.750410e+01    186000   1
        81   1.412372e+07  1.961938e+06  6.838619e+01    188325   1
        82   1.832216e+07  1.961943e+06  6.917899e+01    190650   1
        83   1.638978e+07  1.961951e+06  7.000050e+01    192975   1
        84   8.533356e+06  1.961965e+06  7.084069e+01    195300   1
        85   1.171267e+07  1.961966e+06  7.173824e+01    197625   1
        86   2.205157e+07  1.961980e+06  7.250303e+01    199950   1
        87   8.575878e+06  1.961988e+06  7.319798e+01    202275   1
        88   1.033811e+07  2.456957e+05  7.404361e+01    204600   1
        89   1.330918e+07  2.457811e+05  7.475285e+01    206925   1
        90   2.296902e+08  2.462734e+05  7.568079e+01    209250   1
        91   2.620380e+07  2.570587e+05  7.646241e+01    211575   1
        92   1.745057e+07  1.964324e+06  7.720370e+01    213900   1
        93   8.248675e+08  1.964328e+06  7.802767e+01    216225   1
        94   3.907776e+08  1.964332e+06  7.885681e+01    218550   1
        95   1.778090e+08  1.964336e+06  7.976680e+01    220875   1
        96   7.004353e+07  1.964340e+06  8.048266e+01    223200   1
        97   4.123162e+07  1.964344e+06  8.130792e+01    225525   1
        98   2.662109e+08  1.964349e+06  8.205029e+01    227850   1
        99   1.406274e+07  1.964351e+06  8.289914e+01    230175   1
       100   4.613497e+07  1.964352e+06  8.368826e+01    232500   1
-------------------------------------------------------------------
status         : iteration_limit
total time (s) : 8.368826e+01
total solves   : 232500
best bound     :  1.964352e+06
simulation ci  :  1.131489e+08 ± 3.605464e+07
numeric issues : 1
-------------------------------------------------------------------

-------------------------------------------------------------------
         SDDP.jl (c) Oscar Dowson and contributors, 2017-25
-------------------------------------------------------------------
problem
  nodes           : 24
  state variables : 8
  scenarios       : 1.00000e+46
  existing cuts   : false
options
  solver          : serial mode
  risk measure    : SDDP.Expectation()
  sampling scheme : SDDP.InSampleMonteCarlo
subproblem structure
  VariableRef                             : [161, 161]
  AffExpr in MOI.EqualTo{Float64}         : [13, 17]
  VariableRef in MOI.GreaterThan{Float64} : [153, 153]
  VariableRef in MOI.LessThan{Float64}    : [144, 145]
numerical stability report
  matrix range     [5e-02, 4e+00]
  objective range  [1e-03, 6e+03]
  bounds range     [7e-01, 2e+05]
  rhs range        [1e+01, 6e+04]
-------------------------------------------------------------------
 iteration    simulation      bound        time (s)     solves  pid
-------------------------------------------------------------------
         1   6.101143e+06  2.205390e+06  4.598337e+00      2325   1
         2   8.895637e+08  2.205431e+06  5.401011e+00      4650   1
         3   3.717933e+08  2.205471e+06  6.152559e+00      6975   1
         4   4.466072e+07  2.205502e+06  7.051415e+00      9300   1
         5   1.460448e+08  2.205502e+06  7.841900e+00     11625   1
         6   3.504472e+08  2.205503e+06  8.569268e+00     13950   1
         7   1.470277e+08  2.205502e+06  9.409976e+00     16275   1
         8   1.261699e+08  2.205502e+06  1.016905e+01     18600   1
         9   5.000381e+08  2.205518e+06  1.096412e+01     20925   1
        10   4.029097e+08  2.205522e+06  1.166400e+01     23250   1
        11   2.298628e+08  2.205523e+06  1.241739e+01     25575   1
        12   2.663083e+08  2.205524e+06  1.308812e+01     27900   1
        13   1.279199e+08  2.205538e+06  1.386737e+01     30225   1
        14   6.189960e+07  2.205539e+06  1.456086e+01     32550   1
        15   2.120726e+08  2.205566e+06  1.540631e+01     34875   1
        16   2.075568e+08  2.205565e+06  1.608457e+01     37200   1
        17   1.404925e+08  2.205571e+06  1.683022e+01     39525   1
        18   4.522337e+07  2.205634e+06  1.754492e+01     41850   1
        19   5.502086e+08  2.205636e+06  1.827423e+01     44175   1
        20   6.468218e+07  2.205642e+06  1.904119e+01     46500   1
        21   8.130605e+07  2.205642e+06  1.985814e+01     48825   1
        22   8.210451e+07  2.205646e+06  2.062332e+01     51150   1
        23   3.149438e+08  2.205662e+06  2.135424e+01     53475   1
        24   3.542248e+07  2.205698e+06  2.212006e+01     55800   1
        25   1.833561e+08  2.205704e+06  2.291335e+01     58125   1
        26   1.639690e+08  2.205704e+06  2.375197e+01     60450   1
        27   9.505142e+07  2.205707e+06  2.449355e+01     62775   1
        28   2.966571e+07  2.205697e+06  2.532456e+01     65100   1
        29   3.849555e+07  2.205700e+06  2.607423e+01     67425   1
        30   1.772896e+07  2.205713e+06  2.694607e+01     69750   1
        31   2.438861e+07  2.205727e+06  2.773023e+01     72075   1
        32   3.492253e+07  2.205757e+06  2.847114e+01     74400   1
        33   4.065232e+07  2.205761e+06  2.927226e+01     76725   1
        34   9.236402e+06  2.205798e+06  3.010558e+01     79050   1
        35   3.991201e+07  2.205838e+06  3.083805e+01     81375   1
        36   1.735856e+07  2.205915e+06  3.155560e+01     83700   1
        37   3.412896e+07  2.205929e+06  3.237290e+01     86025   1
        38   4.825971e+07  2.205930e+06  3.312775e+01     88350   1
        39   8.107805e+07  2.205949e+06  3.385706e+01     90675   1
        40   1.588182e+07  2.205953e+06  3.463399e+01     93000   1
        41   2.092843e+07  2.206053e+06  3.537272e+01     95325   1
        42   8.974048e+06  2.459187e+05  3.611785e+01     97650   1
        43   9.840119e+07  2.207559e+06  3.688636e+01     99975   1
        44   9.129995e+07  2.207565e+06  3.764259e+01    102300   1
        45   3.516278e+08  2.207570e+06  3.837705e+01    104625   1
        46   2.767763e+07  2.207579e+06  3.903141e+01    106950   1
        47   1.498327e+08  2.207580e+06  3.982032e+01    109275   1
        48   1.922070e+08  2.207583e+06  4.059022e+01    111600   1
        49   2.713225e+08  2.207585e+06  4.139289e+01    113925   1
        50   9.898366e+07  2.207590e+06  4.217011e+01    116250   1
        51   1.593193e+07  2.207606e+06  4.287509e+01    118575   1
        52   3.772648e+07  2.207609e+06  4.367377e+01    120900   1
        53   1.980851e+08  2.207617e+06  4.448595e+01    123225   1
        54   3.857047e+07  2.207624e+06  4.530974e+01    125550   1
        55   1.236418e+07  2.207637e+06  4.600308e+01    127875   1
        56   4.594407e+07  2.207640e+06  4.681825e+01    130200   1
        57   3.571484e+07  2.207644e+06  4.755485e+01    132525   1
        58   2.660565e+07  2.207645e+06  4.833811e+01    134850   1
        59   2.293890e+07  2.207649e+06  4.907893e+01    137175   1
        60   1.018924e+07  2.207662e+06  4.980577e+01    139500   1
        61   2.050364e+07  2.207669e+06  5.058281e+01    141825   1
        62   7.948229e+06  2.207680e+06  5.132077e+01    144150   1
        63   2.380701e+07  2.207686e+06  5.231507e+01    146475   1
        64   1.339277e+07  2.207693e+06  5.305441e+01    148800   1
        65   7.845089e+06  2.207702e+06  5.381047e+01    151125   1
        66   1.144653e+07  2.454573e+05  5.450977e+01    153450   1
        67   7.581286e+07  2.462159e+05  5.530215e+01    155775   1
        68   8.544866e+06  2.462820e+05  5.601555e+01    158100   1
        69   2.707513e+07  2.613318e+05  5.665552e+01    160425   1
        70   5.920188e+07  2.613318e+05  5.743691e+01    162750   1
        71   2.663651e+08  2.613318e+05  5.819322e+01    165075   1
        72   2.283025e+08  2.613318e+05  5.892338e+01    167400   1
        73   1.237157e+08  2.613320e+05  5.964758e+01    169725   1
        74   1.091184e+08  2.613320e+05  6.042454e+01    172050   1
        75   1.811414e+08  2.613320e+05  6.125985e+01    174375   1
        76   1.082133e+08  2.613320e+05  6.196631e+01    176700   1
        77   5.177723e+07  2.613322e+05  6.271409e+01    179025   1
        78   3.491879e+07  2.613322e+05  6.339126e+01    181350   1
        79   5.847301e+07  2.613324e+05  6.409911e+01    183675   1
        80   1.275622e+08  2.613324e+05  6.494014e+01    186000   1
        81   2.133760e+07  2.613325e+05  6.578530e+01    188325   1
        82   6.024248e+07  2.613326e+05  6.657791e+01    190650   1
        83   5.983159e+06  2.613327e+05  6.718574e+01    192975   1
        84   1.095893e+07  2.613327e+05  6.794828e+01    195300   1
        85   3.152534e+07  2.613328e+05  6.879524e+01    197625   1
        86   8.287784e+06  2.613329e+05  6.955403e+01    199950   1
        87   4.815325e+07  2.613908e+05  7.037426e+01    202275   1
        88   1.640690e+07  2.616960e+05  7.100621e+01    204600   1
        89   2.313129e+07  2.237569e+06  7.168758e+01    206925   1
        90   3.033978e+08  2.237578e+06  7.245323e+01    209250   1
        91   7.131163e+07  2.237589e+06  7.318207e+01    211575   1
        92   8.188025e+07  2.237601e+06  7.406103e+01    213900   1
        93   9.322856e+06  2.237637e+06  7.473459e+01    216225   1
        94   3.092135e+07  2.237658e+06  7.555737e+01    218550   1
        95   1.619007e+07  2.237664e+06  7.633090e+01    220875   1
        96   1.203681e+08  2.237672e+06  7.708945e+01    223200   1
        97   9.552493e+06  2.237690e+06  7.785482e+01    225525   1
        98   1.154167e+07  2.237700e+06  7.863898e+01    227850   1
        99   5.997331e+06  2.620081e+05  7.935803e+01    230175   1
       100   6.310633e+06  2.624708e+05  8.007527e+01    232500   1
-------------------------------------------------------------------
status         : iteration_limit
total time (s) : 8.007527e+01
total solves   : 232500
best bound     :  2.624708e+05
simulation ci  :  1.047216e+08 ± 2.702916e+07
numeric issues : 0
-------------------------------------------------------------------

-------------------------------------------------------------------
         SDDP.jl (c) Oscar Dowson and contributors, 2017-25
-------------------------------------------------------------------
problem
  nodes           : 24
  state variables : 8
  scenarios       : 1.00000e+46
  existing cuts   : false
options
  solver          : serial mode
  risk measure    : SDDP.Expectation()
  sampling scheme : SDDP.InSampleMonteCarlo
subproblem structure
  VariableRef                             : [161, 161]
  AffExpr in MOI.EqualTo{Float64}         : [13, 17]
  VariableRef in MOI.GreaterThan{Float64} : [153, 153]
  VariableRef in MOI.LessThan{Float64}    : [144, 145]
numerical stability report
  matrix range     [8e-02, 4e+00]
  objective range  [1e-03, 6e+03]
  bounds range     [7e-01, 2e+05]
  rhs range        [1e+01, 6e+04]
-------------------------------------------------------------------
 iteration    simulation      bound        time (s)     solves  pid
-------------------------------------------------------------------
         1   2.257142e+07  1.715249e+06  4.789565e+00      2325   1
         2   4.192149e+08  1.715296e+06  5.613962e+00      4650   1
         3   4.308713e+08  1.715322e+06  6.481972e+00      6975   1
         4   4.065836e+08  1.715348e+06  7.276498e+00      9300   1
         5   4.545828e+08  1.715367e+06  8.229306e+00     11625   1
         6   6.459543e+08  1.715369e+06  8.971747e+00     13950   1
         7   7.118627e+08  1.715369e+06  9.689561e+00     16275   1
         8   5.724672e+08  1.715370e+06  1.041578e+01     18600   1
         9   1.990933e+08  1.715372e+06  1.117925e+01     20925   1
        10   8.059455e+07  1.715372e+06  1.192960e+01     23250   1
        11   1.759364e+08  1.715373e+06  1.274386e+01     25575   1
        12   3.358995e+08  1.715387e+06  1.346580e+01     27900   1
        13   1.534814e+08  1.715390e+06  1.424669e+01     30225   1
        14   1.321102e+08  1.715394e+06  1.498348e+01     32550   1
        15   7.047642e+07  1.715414e+06  1.573898e+01     34875   1
        16   8.767632e+07  1.715418e+06  1.669582e+01     37200   1
        17   4.453191e+08  1.715418e+06  1.740666e+01     39525   1
        18   1.265978e+08  1.715474e+06  1.816869e+01     41850   1
        19   8.487344e+07  1.715475e+06  1.885459e+01     44175   1
        20   4.778496e+07  1.715478e+06  1.956901e+01     46500   1
        21   3.441308e+08  1.715477e+06  2.034091e+01     48825   1
        22   9.576365e+07  1.715482e+06  2.107499e+01     51150   1
        23   5.451299e+07  1.715502e+06  2.187131e+01     53475   1
        24   3.064885e+07  1.715511e+06  2.248880e+01     55800   1
        25   3.740080e+07  1.715503e+06  2.326853e+01     58125   1
        26   1.757809e+08  1.715514e+06  2.411366e+01     60450   1
        27   3.023869e+07  1.715539e+06  2.482534e+01     62775   1
        28   3.114074e+07  1.715548e+06  2.566645e+01     65100   1
        29   4.239269e+07  1.715570e+06  2.638074e+01     67425   1
        30   1.462154e+08  1.715598e+06  2.717601e+01     69750   1
        31   1.087934e+08  1.715599e+06  2.796584e+01     72075   1
        32   6.613121e+07  1.715603e+06  2.867040e+01     74400   1
        33   2.097441e+07  1.715602e+06  2.944755e+01     76725   1
        34   3.520767e+07  1.715608e+06  3.024876e+01     79050   1
        35   2.001522e+07  1.715610e+06  3.101406e+01     81375   1
        36   4.201985e+07  1.715612e+06  3.190787e+01     83700   1
        37   2.339591e+08  1.715623e+06  3.271827e+01     86025   1
        38   2.575197e+07  1.715626e+06  3.342331e+01     88350   1
        39   5.539316e+07  1.715630e+06  3.413973e+01     90675   1
        40   5.232774e+07  1.715655e+06  3.495098e+01     93000   1
        41   9.800392e+07  1.715659e+06  3.571090e+01     95325   1
        42   5.141285e+07  1.715667e+06  3.646478e+01     97650   1
        43   6.504059e+06  1.715674e+06  3.710378e+01     99975   1
        44   1.145733e+07  1.715691e+06  3.796447e+01    102300   1
        45   5.211187e+07  1.715709e+06  3.869632e+01    104625   1
        46   1.309133e+07  1.715753e+06  3.941764e+01    106950   1
        47   9.631576e+06  2.451945e+05  4.015463e+01    109275   1
        48   1.119243e+07  2.452582e+05  4.087100e+01    111600   1
        49   5.395749e+08  2.453269e+05  4.167597e+01    113925   1
        50   1.650252e+07  1.716163e+06  4.234985e+01    116250   1
        51   1.710704e+07  1.716168e+06  4.317046e+01    118575   1
        52   4.426589e+07  1.716176e+06  4.404878e+01    120900   1
        53   5.688206e+07  1.716177e+06  4.480393e+01    123225   1
        54   1.286785e+08  1.716191e+06  4.552527e+01    125550   1
        55   3.033730e+07  1.716201e+06  4.624533e+01    127875   1
        56   8.488370e+06  1.716226e+06  4.706869e+01    130200   1
        57   8.279875e+07  1.716228e+06  4.772658e+01    132525   1
        58   4.216655e+07  1.716230e+06  4.847762e+01    134850   1
        59   8.382254e+06  2.453946e+05  4.924417e+01    137175   1
        60   5.992196e+06  2.454008e+05  5.025243e+01    139500   1
        61   2.089025e+07  2.454366e+05  5.102463e+01    141825   1
        62   2.436766e+07  2.455056e+05  5.175634e+01    144150   1
        63   1.720944e+08  2.456731e+05  5.264051e+01    146475   1
        64   1.310959e+07  2.457547e+05  5.345925e+01    148800   1
        65   1.816290e+07  2.456731e+05  5.418811e+01    151125   1
        66   9.184123e+06  2.457002e+05  5.491877e+01    153450   1
        67   6.137210e+06  2.458716e+05  5.562385e+01    155775   1
        68   1.357030e+07  2.474503e+05  5.647289e+01    158100   1
        69   1.049514e+07  2.476967e+05  5.720147e+01    160425   1
        70   1.554079e+07  2.491776e+05  5.800146e+01    162750   1
        71   6.643617e+06  2.608695e+05  5.877627e+01    165075   1
        72   2.006114e+07  2.610103e+05  5.964095e+01    167400   1
        73   1.208420e+07  2.631950e+05  6.054479e+01    169725   1
        74   1.340752e+07  2.632464e+05  6.116911e+01    172050   1
        75   8.269792e+06  2.499795e+05  6.178175e+01    174375   1
        76   2.203914e+08  2.501728e+05  6.259366e+01    176700   1
        77   8.271030e+07  2.499795e+05  6.334571e+01    179025   1
        78   3.103845e+08  2.499795e+05  6.416246e+01    181350   1
        79   4.052773e+07  2.499795e+05  6.498616e+01    183675   1
        80   2.106012e+08  2.499796e+05  6.683276e+01    186000   1
        81   8.491758e+07  2.499796e+05  6.776519e+01    188325   1
        82   5.309021e+07  2.499796e+05  6.855285e+01    190650   1
        83   2.239103e+08  2.501728e+05  6.952005e+01    192975   1
        84   1.284156e+08  2.501728e+05  7.027305e+01    195300   1
        85   2.926976e+08  2.501729e+05  7.126678e+01    197625   1
        86   3.416670e+07  2.501729e+05  7.265036e+01    199950   1
        87   2.912558e+07  2.501730e+05  7.366465e+01    202275   1
        88   4.475614e+07  2.501730e+05  7.448536e+01    204600   1
        89   4.023669e+07  2.501732e+05  7.516356e+01    206925   1
        90   2.670305e+07  2.508289e+05  7.598576e+01    209250   1
        91   4.080244e+07  2.508289e+05  7.673175e+01    211575   1
        92   3.157628e+07  2.504534e+05  7.761986e+01    213900   1
        93   2.486209e+07  2.504532e+05  7.832965e+01    216225   1
        94   4.984104e+07  2.504750e+05  7.910611e+01    218550   1
        95   3.692721e+07  2.508614e+05  7.990177e+01    220875   1
        96   1.455496e+07  2.636662e+05  8.058116e+01    223200   1
        97   2.872267e+08  2.636665e+05  8.144101e+01    225525   1
        98   3.996812e+07  2.636668e+05  8.230948e+01    227850   1
        99   2.877235e+07  2.636673e+05  8.319745e+01    230175   1
       100   1.099949e+07  1.732253e+06  8.396766e+01    232500   1
-------------------------------------------------------------------
status         : iteration_limit
total time (s) : 8.396766e+01
total solves   : 232500
best bound     :  1.732253e+06
simulation ci  :  1.123952e+08 ± 2.980973e+07
numeric issues : 0
-------------------------------------------------------------------

